<?xml version="1.0" encoding="UTF-8"?>
<!-- Generated by org.testng.reporters.JUnitReportReporter -->
<testsuite hostname="ksourabh-PC" name="com.basic.TestingGoogeWebsite" tests="1" failures="0" timestamp="9 Jun 2019 03:52:20 GMT" time="5.651" errors="0">
  <testcase name="testGoogle" time="5.651" classname="com.basic.TestingGoogeWebsite"/>
</testsuite> <!-- com.basic.TestingGoogeWebsite -->
